<?xml version="1.0" encoding="UTF-8"?>
<!-- Generated by org.testng.reporters.JUnitReportReporter -->
<testsuite hostname="Chandra-XPS" failures="0" tests="1" name="com.inetbanking.testCases.TC_AddCustomerTest_003" time="5.305" errors="0" timestamp="2024-09-03T14:04:28 CDT" skipped="0">
  <testcase classname="com.inetbanking.testCases.TC_AddCustomerTest_003" name="addNewCustomer" time="5.305"/>
</testsuite> <!-- com.inetbanking.testCases.TC_AddCustomerTest_003 -->
